0 info it worked if it ends with ok
1 verbose cli [ '/home/chitezh/.linuxbrew/Cellar/node/6.1.0/bin/node',
1 verbose cli   '/home/chitezh/.linuxbrew/bin/npm',
1 verbose cli   'start' ]
2 info using npm@3.8.6
3 info using node@v6.1.0
4 verbose run-script [ 'prestart', 'start', 'poststart' ]
5 info lifecycle bitunnel-cron@1.0.0~prestart: bitunnel-cron@1.0.0
6 silly lifecycle bitunnel-cron@1.0.0~prestart: no script for prestart, continuing
7 info lifecycle bitunnel-cron@1.0.0~start: bitunnel-cron@1.0.0
8 verbose lifecycle bitunnel-cron@1.0.0~start: unsafe-perm in lifecycle true
9 verbose lifecycle bitunnel-cron@1.0.0~start: PATH: /home/chitezh/.linuxbrew/lib/node_modules/npm/bin/node-gyp-bin:/home/chitezh/source/bitunnel-cron/node_modules/.bin:/home/chitezh/.linuxbrew/Cellar/node/6.1.0/bin:/home/chitezh/.linuxbrew/bin:/usr/local/sbin:/usr/local/bin:/usr/sbin:/usr/bin:/sbin:/bin:/usr/games:/usr/local/games
10 verbose lifecycle bitunnel-cron@1.0.0~start: CWD: /home/chitezh/source/bitunnel-cron
11 silly lifecycle bitunnel-cron@1.0.0~start: Args: [ '-c', 'node index.js' ]
12 silly lifecycle bitunnel-cron@1.0.0~start: Returned: code: 1  signal: null
13 info lifecycle bitunnel-cron@1.0.0~start: Failed to exec start script
14 verbose stack Error: bitunnel-cron@1.0.0 start: `node index.js`
14 verbose stack Exit status 1
14 verbose stack     at EventEmitter.<anonymous> (/home/chitezh/.linuxbrew/lib/node_modules/npm/lib/utils/lifecycle.js:239:16)
14 verbose stack     at emitTwo (events.js:106:13)
14 verbose stack     at EventEmitter.emit (events.js:191:7)
14 verbose stack     at ChildProcess.<anonymous> (/home/chitezh/.linuxbrew/lib/node_modules/npm/lib/utils/spawn.js:24:14)
14 verbose stack     at emitTwo (events.js:106:13)
14 verbose stack     at ChildProcess.emit (events.js:191:7)
14 verbose stack     at maybeClose (internal/child_process.js:850:16)
14 verbose stack     at Process.ChildProcess._handle.onexit (internal/child_process.js:215:5)
15 verbose pkgid bitunnel-cron@1.0.0
16 verbose cwd /home/chitezh/source/bitunnel-cron
17 error Linux 4.2.0-16-generic
18 error argv "/home/chitezh/.linuxbrew/Cellar/node/6.1.0/bin/node" "/home/chitezh/.linuxbrew/bin/npm" "start"
19 error node v6.1.0
20 error npm  v3.8.6
21 error code ELIFECYCLE
22 error bitunnel-cron@1.0.0 start: `node index.js`
22 error Exit status 1
23 error Failed at the bitunnel-cron@1.0.0 start script 'node index.js'.
23 error Make sure you have the latest version of node.js and npm installed.
23 error If you do, this is most likely a problem with the bitunnel-cron package,
23 error not with npm itself.
23 error Tell the author that this fails on your system:
23 error     node index.js
23 error You can get information on how to open an issue for this project with:
23 error     npm bugs bitunnel-cron
23 error Or if that isn't available, you can get their info via:
23 error     npm owner ls bitunnel-cron
23 error There is likely additional logging output above.
24 verbose exit [ 1, true ]
